<?xml version="1.0" encoding="UTF-8"?>
<!-- Generated by org.testng.reporters.JUnitReportReporter -->
<testsuite hostname="DESKTOP-E69K95O" name="testngLearning.TestNGLearning" tests="1" failures="0" timestamp="5 Jan 2022 00:05:23 GMT" time="0.004" errors="0">
  <testcase name="test" time="0.004" classname="testngLearning.TestNGLearning"/>
</testsuite> <!-- testngLearning.TestNGLearning -->
