<?xml version="1.0" encoding="UTF-8"?>
<!-- Generated by org.testng.reporters.JUnitReportReporter -->
<testsuite hostname="DESKTOP-E69K95O" name="testngLearning.SauceLabSign" tests="1" failures="0" timestamp="5 Jan 2022 01:21:30 GMT" time="0.111" errors="0">
  <testcase name="ownTest" time="0.111" classname="testngLearning.SauceLabSign"/>
</testsuite> <!-- testngLearning.SauceLabSign -->
