<?xml version="1.0" encoding="UTF-8"?>
<!-- Generated by org.testng.reporters.JUnitReportReporter -->
<testsuite hostname="DESKTOP-E69K95O" name="TestScripts.swagLab_login_two" tests="3" failures="0" timestamp="4 Jan 2022 02:07:05 GMT" time="1.190" errors="0">
  <testcase name="validateinValidLogin" time="0.479" classname="TestScripts.swagLab_login_two"/>
  <testcase name="validateprobUserLogin" time="0.259" classname="TestScripts.swagLab_login_two"/>
  <testcase name="validateValidLogin" time="0.452" classname="TestScripts.swagLab_login_two"/>
</testsuite> <!-- TestScripts.swagLab_login_two -->
