<?xml version="1.0" encoding="UTF-8"?>
<!-- Generated by org.testng.reporters.JUnitReportReporter -->
<testsuite hostname="DESKTOP-E69K95O" name="TestScripts.swagLab_Login_Test" tests="3" failures="0" timestamp="6 Jan 2022 01:04:59 GMT" time="1.412" errors="0">
  <testcase name="validateprobUserLogin" time="0.335" classname="TestScripts.swagLab_Login_Test"/>
  <testcase name="validateinValidLogin" time="0.547" classname="TestScripts.swagLab_Login_Test"/>
  <testcase name="validateValidLogin" time="0.530" classname="TestScripts.swagLab_Login_Test"/>
</testsuite> <!-- TestScripts.swagLab_Login_Test -->
