<?xml version="1.0" encoding="UTF-8"?>
<!-- Generated by org.testng.reporters.JUnitReportReporter -->
<testsuite hostname="DESKTOP-E69K95O" name="TestScripts.template_learn_two" tests="2" failures="0" timestamp="6 Jan 2022 01:04:59 GMT" time="0.002" errors="0">
  <testcase name="bTest" time="0.001" classname="TestScripts.template_learn_two"/>
  <testcase name="aTest" time="0.001" classname="TestScripts.template_learn_two"/>
</testsuite> <!-- TestScripts.template_learn_two -->
