<?xml version="1.0" encoding="UTF-8"?>
<!-- Generated by org.testng.reporters.JUnitReportReporter -->
<testsuite hostname="DESKTOP-E69K95O" name="TestScripts.swagLab_login_two" tests="3" failures="0" timestamp="6 Jan 2022 01:04:59 GMT" time="1.391" errors="0">
  <testcase name="validateinValidLogin" time="0.324" classname="TestScripts.swagLab_login_two"/>
  <testcase name="validateprobUserLogin" time="0.328" classname="TestScripts.swagLab_login_two"/>
  <testcase name="validateValidLogin" time="0.739" classname="TestScripts.swagLab_login_two"/>
</testsuite> <!-- TestScripts.swagLab_login_two -->
