<?xml version="1.0" encoding="UTF-8"?>
<!-- Generated by org.testng.reporters.JUnitReportReporter -->
<testsuite hostname="DESKTOP-E69K95O" name="TestScripts.swagLab_Login_Test" tests="2" failures="0" timestamp="4 Jan 2022 01:08:59 GMT" time="0.995" errors="0">
  <testcase name="validateinValidLogin" time="0.469" classname="TestScripts.swagLab_Login_Test"/>
  <testcase name="validateValidLogin" time="0.526" classname="TestScripts.swagLab_Login_Test"/>
</testsuite> <!-- TestScripts.swagLab_Login_Test -->
