<?xml version="1.0" encoding="UTF-8"?>
<!-- Generated by org.testng.reporters.JUnitReportReporter -->
<testsuite hostname="DESKTOP-E69K95O" name="TestScripts.loginElementValidation" tests="1" failures="0" timestamp="6 Jan 2022 01:08:03 GMT" time="0.084" errors="0">
  <testcase name="checkloginDisplay" time="0.084" classname="TestScripts.loginElementValidation"/>
</testsuite> <!-- TestScripts.loginElementValidation -->
