<?xml version="1.0" encoding="UTF-8"?>
<!-- Generated by org.testng.reporters.JUnitReportReporter -->
<testsuite hostname="DESKTOP-E69K95O" name="TestScripts.template_learn" tests="3" failures="0" timestamp="6 Jan 2022 01:04:59 GMT" time="0.003" errors="0">
  <testcase name="aTest" time="0.001" classname="TestScripts.template_learn"/>
  <testcase name="btest" time="0.001" classname="TestScripts.template_learn"/>
  <testcase name="cTest" time="0.001" classname="TestScripts.template_learn"/>
</testsuite> <!-- TestScripts.template_learn -->
