<?xml version="1.0" encoding="UTF-8"?>
<!-- Generated by org.testng.reporters.JUnitReportReporter -->
<testsuite hostname="DESKTOP-E69K95O" name="TestScripts.swagLabLoginData" tests="4" failures="0" timestamp="8 Jan 2022 15:47:50 GMT" time="14.460" errors="0">
  <testcase name="validateLogin" time="2.357" classname="TestScripts.swagLabLoginData"/>
  <testcase name="validateLogin" time="2.392" classname="TestScripts.swagLabLoginData"/>
  <testcase name="validateLogin" time="2.312" classname="TestScripts.swagLabLoginData"/>
  <testcase name="validateLogin" time="7.399" classname="TestScripts.swagLabLoginData"/>
</testsuite> <!-- TestScripts.swagLabLoginData -->
