<?xml version="1.0" encoding="UTF-8"?>
<!-- Generated by org.testng.reporters.JUnitReportReporter -->
<testsuite hostname="DESKTOP-E69K95O" name="TestScripts.swagLabLoginData" tests="4" failures="0" timestamp="6 Jan 2022 01:40:40 GMT" time="15.733" errors="0">
  <testcase name="validateLogin" time="3.071" classname="TestScripts.swagLabLoginData"/>
  <testcase name="validateLogin" time="7.480" classname="TestScripts.swagLabLoginData"/>
  <testcase name="validateLogin" time="2.744" classname="TestScripts.swagLabLoginData"/>
  <testcase name="validateLogin" time="2.438" classname="TestScripts.swagLabLoginData"/>
</testsuite> <!-- TestScripts.swagLabLoginData -->
