<?xml version="1.0" encoding="UTF-8"?>
<!-- Generated by org.testng.reporters.JUnitReportReporter -->
<testsuite hostname="DESKTOP-E69K95O" name="testScript.Login" tests="1" failures="0" timestamp="12 Jan 2022 00:51:18 GMT" time="0.426" errors="0">
  <testcase name="login" time="0.426" classname="testScript.Login"/>
</testsuite> <!-- testScript.Login -->
