<?xml version="1.0" encoding="UTF-8"?>
<!-- Generated by org.testng.reporters.JUnitReportReporter -->
<testsuite hostname="DESKTOP-E69K95O" name="testScript.Login2" tests="4" failures="0" timestamp="12 Jan 2022 23:47:53 GMT" time="8.410" errors="0">
  <testcase name="login" time="5.817" classname="testScript.Login2"/>
  <testcase name="login" time="1.034" classname="testScript.Login2"/>
  <testcase name="login" time="0.726" classname="testScript.Login2"/>
  <testcase name="login" time="0.833" classname="testScript.Login2"/>
</testsuite> <!-- testScript.Login2 -->
