<?xml version="1.0" encoding="UTF-8"?>
<!-- Generated by org.testng.reporters.JUnitReportReporter -->
<testsuite hostname="DESKTOP-E69K95O" name="testScript.Login2" tests="4" failures="0" timestamp="19 Jan 2022 01:44:01 GMT" time="6.414" errors="0">
  <testcase name="login" time="5.399" classname="testScript.Login2"/>
  <testcase name="login" time="0.304" classname="testScript.Login2"/>
  <testcase name="login" time="0.413" classname="testScript.Login2"/>
  <testcase name="login" time="0.298" classname="testScript.Login2"/>
</testsuite> <!-- testScript.Login2 -->
